This file contains any messages produced by compilers while
running configure, to aid debugging if configure makes a mistake.

It was created by spasm configure 1.2, which was
generated by GNU Autoconf 2.69.  Invocation command line was

  $ ./configure --enable-openmp

## --------- ##
## Platform. ##
## --------- ##

hostname = Gaston
uname -m = x86_64
uname -r = 19.0.0
uname -s = Darwin
uname -v = Darwin Kernel Version 19.0.0: Wed Sep 25 21:13:50 PDT 2019; root:xnu-6153.11.26~4/RELEASE_X86_64

/usr/bin/uname -p = i386
/bin/uname -X     = unknown

/bin/arch              = unknown
/usr/bin/arch -k       = unknown
/usr/convex/getsysinfo = unknown
/usr/bin/hostinfo      = Mach kernel version:
	 Darwin Kernel Version 19.0.0: Wed Sep 25 21:13:50 PDT 2019; root:xnu-6153.11.26~4/RELEASE_X86_64
Kernel configured for up to 12 processors.
6 processors are physically available.
12 processors are logically available.
Processor type: x86_64h (Intel x86-64h Haswell)
Processors active: 0 1 2 3 4 5 6 7 8 9 10 11
Primary memory available: 16.00 gigabytes
Default processor set: 509 tasks, 2549 threads, 12 processors
Load average: 1.12, Mach factor: 10.87
/bin/machine           = unknown
/usr/bin/oslevel       = unknown
/bin/universe          = unknown

PATH: /Users/gastonmartin/.rvm/gems/ruby-2.4.1/bin
PATH: /Users/gastonmartin/.rvm/gems/ruby-2.4.1@global/bin
PATH: /Users/gastonmartin/.rvm/rubies/ruby-2.4.1/bin
PATH: /Library/Frameworks/Python.framework/Versions/3.7/bin
PATH: /usr/local/bin
PATH: /usr/bin
PATH: /bin
PATH: /usr/sbin
PATH: /sbin
PATH: /Library/Apple/usr/bin
PATH: /Library/Apple/bin
PATH: /opt/X11/bin
PATH: /Users/gastonmartin/.rvm/gems/ruby-2.4.1/bin
PATH: /Users/gastonmartin/.rvm/gems/ruby-2.4.1@global/bin
PATH: /Users/gastonmartin/.rvm/rubies/ruby-2.4.1/bin
PATH: /Library/Frameworks/Python.framework/Versions/3.7/bin
PATH: /Users/gastonmartin/.rvm/bin
PATH: /Users/gastonmartin/.rvm/bin


## ----------- ##
## Core tests. ##
## ----------- ##

configure:2355: checking build system type
configure:2369: result: x86_64-apple-darwin19.0.0
configure:2389: checking host system type
configure:2402: result: x86_64-apple-darwin19.0.0
configure:2443: checking how to print strings
configure:2470: result: printf
configure:2542: checking for gcc
configure:2558: found /usr/bin/gcc
configure:2569: result: gcc
configure:2798: checking for C compiler version
configure:2807: gcc --version >&5
Apple clang version 11.0.0 (clang-1100.0.33.8)
Target: x86_64-apple-darwin19.0.0
Thread model: posix
InstalledDir: /Applications/Xcode.app/Contents/Developer/Toolchains/XcodeDefault.xctoolchain/usr/bin
Configured with: --prefix=/Applications/Xcode.app/Contents/Developer/usr --with-gxx-include-dir=/Applications/Xcode.app/Contents/Developer/Platforms/MacOSX.platform/Developer/SDKs/MacOSX.sdk/usr/include/c++/4.2.1
configure:2818: $? = 0
configure:2807: gcc -v >&5
Configured with: --prefix=/Applications/Xcode.app/Contents/Developer/usr --with-gxx-include-dir=/Applications/Xcode.app/Contents/Developer/Platforms/MacOSX.platform/Developer/SDKs/MacOSX.sdk/usr/include/c++/4.2.1
Apple clang version 11.0.0 (clang-1100.0.33.8)
Target: x86_64-apple-darwin19.0.0
Thread model: posix
InstalledDir: /Applications/Xcode.app/Contents/Developer/Toolchains/XcodeDefault.xctoolchain/usr/bin
configure:2818: $? = 0
configure:2807: gcc -V >&5
clang: error: unsupported option '-V -Wno-framework-include-private-from-public'
clang: error: no input files
configure:2818: $? = 1
configure:2807: gcc -qversion >&5
clang: error: unknown argument '-qversion', did you mean '--version'?
clang: error: no input files
configure:2818: $? = 1
configure:2838: checking whether the C compiler works
configure:2860: gcc    conftest.c  >&5
configure:2864: $? = 0
configure:2912: result: yes
configure:2915: checking for C compiler default output file name
configure:2917: result: a.out
configure:2923: checking for suffix of executables
configure:2930: gcc -o conftest    conftest.c  >&5
configure:2934: $? = 0
configure:2956: result: 
configure:2978: checking whether we are cross compiling
configure:2986: gcc -o conftest    conftest.c  >&5
configure:2990: $? = 0
configure:2997: ./conftest
configure:3001: $? = 0
configure:3016: result: no
configure:3021: checking for suffix of object files
configure:3043: gcc -c   conftest.c >&5
configure:3047: $? = 0
configure:3068: result: o
configure:3072: checking whether we are using the GNU C compiler
configure:3091: gcc -c   conftest.c >&5
configure:3091: $? = 0
configure:3100: result: yes
configure:3109: checking whether gcc accepts -g
configure:3129: gcc -c -g  conftest.c >&5
configure:3129: $? = 0
configure:3170: result: yes
configure:3187: checking for gcc option to accept ISO C89
configure:3250: gcc  -c -g -O2  conftest.c >&5
configure:3250: $? = 0
configure:3263: result: none needed
configure:3288: checking whether gcc understands -c and -o together
configure:3310: gcc -c conftest.c -o conftest2.o
configure:3313: $? = 0
configure:3310: gcc -c conftest.c -o conftest2.o
configure:3313: $? = 0
configure:3325: result: yes
configure:3342: checking for a sed that does not truncate output
configure:3406: result: /usr/bin/sed
configure:3424: checking for grep that handles long lines and -e
configure:3482: result: /usr/bin/grep
configure:3487: checking for egrep
configure:3549: result: /usr/bin/grep -E
configure:3554: checking for fgrep
configure:3616: result: /usr/bin/grep -F
configure:3651: checking for ld used by gcc
configure:3718: result: /Applications/Xcode.app/Contents/Developer/Toolchains/XcodeDefault.xctoolchain/usr/bin/ld
configure:3725: checking if the linker (/Applications/Xcode.app/Contents/Developer/Toolchains/XcodeDefault.xctoolchain/usr/bin/ld) is GNU ld
configure:3740: result: no
configure:3752: checking for BSD- or MS-compatible name lister (nm)
configure:3806: result: /usr/bin/nm -B
configure:3936: checking the name lister (/usr/bin/nm -B) interface
configure:3943: gcc -c -g -O2  conftest.c >&5
configure:3946: /usr/bin/nm -B "conftest.o"
configure:3949: output
000000000000021c S _some_variable
configure:3956: result: BSD nm
configure:3959: checking whether ln -s works
configure:3963: result: yes
configure:3971: checking the maximum length of command line arguments
configure:4102: result: 196608
configure:4150: checking how to convert x86_64-apple-darwin19.0.0 file names to x86_64-apple-darwin19.0.0 format
configure:4190: result: func_convert_file_noop
configure:4197: checking how to convert x86_64-apple-darwin19.0.0 file names to toolchain format
configure:4217: result: func_convert_file_noop
configure:4224: checking for /Applications/Xcode.app/Contents/Developer/Toolchains/XcodeDefault.xctoolchain/usr/bin/ld option to reload object files
configure:4231: result: -r
configure:4305: checking for objdump
configure:4321: found /usr/bin/objdump
configure:4332: result: objdump
configure:4364: checking how to recognize dependent libraries
configure:4564: result: pass_all
configure:4649: checking for dlltool
configure:4679: result: no
configure:4709: checking how to associate runtime and link libraries
configure:4736: result: printf %s\n
configure:4797: checking for ar
configure:4813: found /usr/bin/ar
configure:4824: result: ar
configure:4861: checking for archiver @FILE support
configure:4878: gcc -c -g -O2  conftest.c >&5
configure:4878: $? = 0
configure:4881: ar cru libconftest.a @conftest.lst >&5
ar: @conftest.lst: No such file or directory
configure:4884: $? = 1
configure:4904: result: no
configure:4962: checking for strip
configure:4978: found /usr/bin/strip
configure:4989: result: strip
configure:5061: checking for ranlib
configure:5077: found /usr/bin/ranlib
configure:5088: result: ranlib
configure:5165: checking for gawk
configure:5195: result: no
configure:5165: checking for mawk
configure:5195: result: no
configure:5165: checking for nawk
configure:5195: result: no
configure:5165: checking for awk
configure:5181: found /usr/bin/awk
configure:5192: result: awk
configure:5232: checking command to parse /usr/bin/nm -B output from gcc object
configure:5385: gcc -c -g -O2  conftest.c >&5
configure:5388: $? = 0
configure:5392: /usr/bin/nm -B conftest.o \| sed -n -e 's/^.*[ ]\([BCDEGRST][BCDEGRST]*\)[ ][ ]*\([_A-Za-z][_A-Za-z0-9]*\)$/\1 \2 \2/p' | sed '/ __gnu_lto/d' \> conftest.nm
configure:5395: $? = 0
cannot find nm_test_var in conftest.nm
configure:5385: gcc -c -g -O2  conftest.c >&5
configure:5388: $? = 0
configure:5392: /usr/bin/nm -B conftest.o \| sed -n -e 's/^.*[ ]\([BCDEGRST][BCDEGRST]*\)[ ][ ]*_\([_A-Za-z][_A-Za-z0-9]*\)$/\1 _\2 \2/p' | sed '/ __gnu_lto/d' \> conftest.nm
configure:5395: $? = 0
configure:5461: gcc -o conftest -g -O2   conftest.c conftstm.o >&5
warning: (x86_64)  could not find object file symbol for symbol _main
configure:5464: $? = 0
configure:5502: result: ok
configure:5549: checking for sysroot
configure:5579: result: no
configure:5586: checking for a working dd
configure:5624: result: /bin/dd
configure:5628: checking how to truncate binary pipes
configure:5643: result: /bin/dd bs=4096 count=1
configure:5972: checking for mt
configure:6002: result: no
configure:6022: checking if : is a manifest tool
configure:6028: : '-?'
configure:6036: result: no
configure:6092: checking for dsymutil
configure:6108: found /usr/bin/dsymutil
configure:6119: result: dsymutil
configure:6184: checking for nmedit
configure:6200: found /usr/bin/nmedit
configure:6211: result: nmedit
configure:6276: checking for lipo
configure:6292: found /usr/bin/lipo
configure:6303: result: lipo
configure:6368: checking for otool
configure:6384: found /usr/bin/otool
configure:6395: result: otool
configure:6460: checking for otool64
configure:6490: result: no
configure:6535: checking for -single_module linker flag
gcc -g -O2  -o libconftest.dylib -dynamiclib -Wl,-single_module conftest.c
configure:6568: result: yes
configure:6571: checking for -exported_symbols_list linker flag
configure:6591: gcc -o conftest -g -O2   -Wl,-exported_symbols_list,conftest.sym conftest.c  >&5
configure:6591: $? = 0
configure:6601: result: yes
configure:6604: checking for -force_load linker flag
gcc -g -O2 -c -o conftest.o conftest.c
ar cru libconftest.a conftest.o
ranlib libconftest.a
gcc -g -O2  -o conftest conftest.c -Wl,-force_load,./libconftest.a
configure:6636: result: yes
configure:6713: checking how to run the C preprocessor
configure:6744: gcc -E  conftest.c
configure:6744: $? = 0
configure:6758: gcc -E  conftest.c
conftest.c:9:10: fatal error: 'ac_nonexistent.h' file not found
#include <ac_nonexistent.h>
         ^~~~~~~~~~~~~~~~~~
1 error generated.
configure:6758: $? = 1
configure: failed program was:
| /* confdefs.h */
| #define PACKAGE_NAME "spasm"
| #define PACKAGE_TARNAME "spasm"
| #define PACKAGE_VERSION "1.2"
| #define PACKAGE_STRING "spasm 1.2"
| #define PACKAGE_BUGREPORT "charles.bouillaguet@univ-lille1.fr"
| #define PACKAGE_URL ""
| /* end confdefs.h.  */
| #include <ac_nonexistent.h>
configure:6783: result: gcc -E
configure:6803: gcc -E  conftest.c
configure:6803: $? = 0
configure:6817: gcc -E  conftest.c
conftest.c:9:10: fatal error: 'ac_nonexistent.h' file not found
#include <ac_nonexistent.h>
         ^~~~~~~~~~~~~~~~~~
1 error generated.
configure:6817: $? = 1
configure: failed program was:
| /* confdefs.h */
| #define PACKAGE_NAME "spasm"
| #define PACKAGE_TARNAME "spasm"
| #define PACKAGE_VERSION "1.2"
| #define PACKAGE_STRING "spasm 1.2"
| #define PACKAGE_BUGREPORT "charles.bouillaguet@univ-lille1.fr"
| #define PACKAGE_URL ""
| /* end confdefs.h.  */
| #include <ac_nonexistent.h>
configure:6846: checking for ANSI C header files
configure:6866: gcc -c -g -O2  conftest.c >&5
configure:6866: $? = 0
configure:6939: gcc -o conftest -g -O2   conftest.c  >&5
configure:6939: $? = 0
configure:6939: ./conftest
configure:6939: $? = 0
configure:6950: result: yes
configure:6963: checking for sys/types.h
configure:6963: gcc -c -g -O2  conftest.c >&5
configure:6963: $? = 0
configure:6963: result: yes
configure:6963: checking for sys/stat.h
configure:6963: gcc -c -g -O2  conftest.c >&5
configure:6963: $? = 0
configure:6963: result: yes
configure:6963: checking for stdlib.h
configure:6963: gcc -c -g -O2  conftest.c >&5
configure:6963: $? = 0
configure:6963: result: yes
configure:6963: checking for string.h
configure:6963: gcc -c -g -O2  conftest.c >&5
configure:6963: $? = 0
configure:6963: result: yes
configure:6963: checking for memory.h
configure:6963: gcc -c -g -O2  conftest.c >&5
configure:6963: $? = 0
configure:6963: result: yes
configure:6963: checking for strings.h
configure:6963: gcc -c -g -O2  conftest.c >&5
configure:6963: $? = 0
configure:6963: result: yes
configure:6963: checking for inttypes.h
configure:6963: gcc -c -g -O2  conftest.c >&5
configure:6963: $? = 0
configure:6963: result: yes
configure:6963: checking for stdint.h
configure:6963: gcc -c -g -O2  conftest.c >&5
configure:6963: $? = 0
configure:6963: result: yes
configure:6963: checking for unistd.h
configure:6963: gcc -c -g -O2  conftest.c >&5
configure:6963: $? = 0
configure:6963: result: yes
configure:6977: checking for dlfcn.h
configure:6977: gcc -c -g -O2  conftest.c >&5
configure:6977: $? = 0
configure:6977: result: yes
configure:7233: checking for objdir
configure:7248: result: .libs
configure:7512: checking if gcc supports -fno-rtti -fno-exceptions
configure:7530: gcc -c -g -O2  -fno-rtti -fno-exceptions conftest.c >&5
configure:7534: $? = 0
configure:7547: result: yes
configure:7905: checking for gcc option to produce PIC
configure:7912: result: -fno-common -DPIC
configure:7920: checking if gcc PIC flag -fno-common -DPIC works
configure:7938: gcc -c -g -O2  -fno-common -DPIC -DPIC conftest.c >&5
configure:7942: $? = 0
configure:7955: result: yes
configure:7984: checking if gcc static flag -static works
configure:8012: result: no
configure:8027: checking if gcc supports -c -o file.o
configure:8048: gcc -c -g -O2  -o out/conftest2.o conftest.c >&5
configure:8052: $? = 0
configure:8074: result: yes
configure:8082: checking if gcc supports -c -o file.o
configure:8129: result: yes
configure:8162: checking whether the gcc linker (/Applications/Xcode.app/Contents/Developer/Toolchains/XcodeDefault.xctoolchain/usr/bin/ld) supports shared libraries
configure:9421: result: yes
configure:9661: checking dynamic linker characteristics
configure:10479: result: darwin19.0.0 dyld
configure:10601: checking how to hardcode library paths into programs
configure:10626: result: immediate
configure:11174: checking whether stripping libraries is possible
configure:11188: result: yes
configure:11214: checking if libtool supports shared libraries
configure:11216: result: yes
configure:11219: checking whether to build shared libraries
configure:11244: result: yes
configure:11247: checking whether to build static libraries
configure:11251: result: yes
configure:11305: checking for a BSD-compatible install
configure:11373: result: /usr/local/bin/ginstall -c
configure:11384: checking whether build environment is sane
configure:11439: result: yes
configure:11587: checking for a thread-safe mkdir -p
configure:11626: result: /usr/local/bin/gmkdir -p
configure:11629: checking whether make sets $(MAKE)
configure:11651: result: yes
configure:11680: checking whether make supports nested variables
configure:11697: result: yes
configure:11826: checking whether to enable maintainer-specific portions of Makefiles
configure:11835: result: no
configure:11907: checking for gcc
configure:11934: result: gcc
configure:12163: checking for C compiler version
configure:12172: gcc --version >&5
Apple clang version 11.0.0 (clang-1100.0.33.8)
Target: x86_64-apple-darwin19.0.0
Thread model: posix
InstalledDir: /Applications/Xcode.app/Contents/Developer/Toolchains/XcodeDefault.xctoolchain/usr/bin
Configured with: --prefix=/Applications/Xcode.app/Contents/Developer/usr --with-gxx-include-dir=/Applications/Xcode.app/Contents/Developer/Platforms/MacOSX.platform/Developer/SDKs/MacOSX.sdk/usr/include/c++/4.2.1
configure:12183: $? = 0
configure:12172: gcc -v >&5
Configured with: --prefix=/Applications/Xcode.app/Contents/Developer/usr --with-gxx-include-dir=/Applications/Xcode.app/Contents/Developer/Platforms/MacOSX.platform/Developer/SDKs/MacOSX.sdk/usr/include/c++/4.2.1
Apple clang version 11.0.0 (clang-1100.0.33.8)
Target: x86_64-apple-darwin19.0.0
Thread model: posix
InstalledDir: /Applications/Xcode.app/Contents/Developer/Toolchains/XcodeDefault.xctoolchain/usr/bin
configure:12183: $? = 0
configure:12172: gcc -V >&5
clang: error: unsupported option '-V -Wno-framework-include-private-from-public'
clang: error: no input files
configure:12183: $? = 1
configure:12172: gcc -qversion >&5
clang: error: unknown argument '-qversion', did you mean '--version'?
clang: error: no input files
configure:12183: $? = 1
configure:12187: checking whether we are using the GNU C compiler
configure:12215: result: yes
configure:12224: checking whether gcc accepts -g
configure:12285: result: yes
configure:12302: checking for gcc option to accept ISO C89
configure:12378: result: none needed
configure:12403: checking whether gcc understands -c and -o together
configure:12440: result: yes
configure:12515: checking for g++
configure:12531: found /usr/bin/g++
configure:12542: result: g++
configure:12569: checking for C++ compiler version
configure:12578: g++ --version >&5
Apple clang version 11.0.0 (clang-1100.0.33.8)
Target: x86_64-apple-darwin19.0.0
Thread model: posix
InstalledDir: /Applications/Xcode.app/Contents/Developer/Toolchains/XcodeDefault.xctoolchain/usr/bin
Configured with: --prefix=/Applications/Xcode.app/Contents/Developer/usr --with-gxx-include-dir=/Applications/Xcode.app/Contents/Developer/Platforms/MacOSX.platform/Developer/SDKs/MacOSX.sdk/usr/include/c++/4.2.1
configure:12589: $? = 0
configure:12578: g++ -v >&5
Configured with: --prefix=/Applications/Xcode.app/Contents/Developer/usr --with-gxx-include-dir=/Applications/Xcode.app/Contents/Developer/Platforms/MacOSX.platform/Developer/SDKs/MacOSX.sdk/usr/include/c++/4.2.1
Apple clang version 11.0.0 (clang-1100.0.33.8)
Target: x86_64-apple-darwin19.0.0
Thread model: posix
InstalledDir: /Applications/Xcode.app/Contents/Developer/Toolchains/XcodeDefault.xctoolchain/usr/bin
configure:12589: $? = 0
configure:12578: g++ -V >&5
clang: error: unsupported option '-V -Wno-framework-include-private-from-public'
clang: error: no input files
configure:12589: $? = 1
configure:12578: g++ -qversion >&5
clang: error: unknown argument '-qversion', did you mean '--version'?
clang: error: no input files
configure:12589: $? = 1
configure:12593: checking whether we are using the GNU C++ compiler
configure:12612: g++ -c   conftest.cpp >&5
configure:12612: $? = 0
configure:12621: result: yes
configure:12630: checking whether g++ accepts -g
configure:12650: g++ -c -g  conftest.cpp >&5
configure:12650: $? = 0
configure:12691: result: yes
configure:12732: checking how to run the C++ preprocessor
configure:12759: g++ -E  conftest.cpp
configure:12759: $? = 0
configure:12773: g++ -E  conftest.cpp
conftest.cpp:23:10: fatal error: 'ac_nonexistent.h' file not found
#include <ac_nonexistent.h>
         ^~~~~~~~~~~~~~~~~~
1 error generated.
configure:12773: $? = 1
configure: failed program was:
| /* confdefs.h */
| #define PACKAGE_NAME "spasm"
| #define PACKAGE_TARNAME "spasm"
| #define PACKAGE_VERSION "1.2"
| #define PACKAGE_STRING "spasm 1.2"
| #define PACKAGE_BUGREPORT "charles.bouillaguet@univ-lille1.fr"
| #define PACKAGE_URL ""
| #define STDC_HEADERS 1
| #define HAVE_SYS_TYPES_H 1
| #define HAVE_SYS_STAT_H 1
| #define HAVE_STDLIB_H 1
| #define HAVE_STRING_H 1
| #define HAVE_MEMORY_H 1
| #define HAVE_STRINGS_H 1
| #define HAVE_INTTYPES_H 1
| #define HAVE_STDINT_H 1
| #define HAVE_UNISTD_H 1
| #define HAVE_DLFCN_H 1
| #define LT_OBJDIR ".libs/"
| #define PACKAGE "spasm"
| #define VERSION "1.2"
| /* end confdefs.h.  */
| #include <ac_nonexistent.h>
configure:12798: result: g++ -E
configure:12818: g++ -E  conftest.cpp
configure:12818: $? = 0
configure:12832: g++ -E  conftest.cpp
conftest.cpp:23:10: fatal error: 'ac_nonexistent.h' file not found
#include <ac_nonexistent.h>
         ^~~~~~~~~~~~~~~~~~
1 error generated.
configure:12832: $? = 1
configure: failed program was:
| /* confdefs.h */
| #define PACKAGE_NAME "spasm"
| #define PACKAGE_TARNAME "spasm"
| #define PACKAGE_VERSION "1.2"
| #define PACKAGE_STRING "spasm 1.2"
| #define PACKAGE_BUGREPORT "charles.bouillaguet@univ-lille1.fr"
| #define PACKAGE_URL ""
| #define STDC_HEADERS 1
| #define HAVE_SYS_TYPES_H 1
| #define HAVE_SYS_STAT_H 1
| #define HAVE_STDLIB_H 1
| #define HAVE_STRING_H 1
| #define HAVE_MEMORY_H 1
| #define HAVE_STRINGS_H 1
| #define HAVE_INTTYPES_H 1
| #define HAVE_STDINT_H 1
| #define HAVE_UNISTD_H 1
| #define HAVE_DLFCN_H 1
| #define LT_OBJDIR ".libs/"
| #define PACKAGE "spasm"
| #define VERSION "1.2"
| /* end confdefs.h.  */
| #include <ac_nonexistent.h>
configure:12994: checking for ld used by g++
configure:13061: result: /Applications/Xcode.app/Contents/Developer/Toolchains/XcodeDefault.xctoolchain/usr/bin/ld
configure:13068: checking if the linker (/Applications/Xcode.app/Contents/Developer/Toolchains/XcodeDefault.xctoolchain/usr/bin/ld) is GNU ld
configure:13083: result: no
configure:13138: checking whether the g++ linker (/Applications/Xcode.app/Contents/Developer/Toolchains/XcodeDefault.xctoolchain/usr/bin/ld) supports shared libraries
configure:14211: result: yes
configure:14247: g++ -c -g -O2  conftest.cpp >&5
configure:14250: $? = 0
configure:14731: checking for g++ option to produce PIC
configure:14738: result: -fno-common -DPIC
configure:14746: checking if g++ PIC flag -fno-common -DPIC works
configure:14764: g++ -c -g -O2  -fno-common -DPIC -DPIC conftest.cpp >&5
configure:14768: $? = 0
configure:14781: result: yes
configure:14804: checking if g++ static flag -static works
configure:14832: result: no
configure:14844: checking if g++ supports -c -o file.o
configure:14865: g++ -c -g -O2  -o out/conftest2.o conftest.cpp >&5
configure:14869: $? = 0
configure:14891: result: yes
configure:14896: checking if g++ supports -c -o file.o
configure:14943: result: yes
configure:14973: checking whether the g++ linker (/Applications/Xcode.app/Contents/Developer/Toolchains/XcodeDefault.xctoolchain/usr/bin/ld) supports shared libraries
configure:15013: result: yes
configure:15154: checking dynamic linker characteristics
configure:15899: result: darwin19.0.0 dyld
configure:15964: checking how to hardcode library paths into programs
configure:15989: result: immediate
configure:16029: checking for gcc option to accept ISO C99
configure:16178: gcc  -c -g -O2  conftest.c >&5
configure:16178: $? = 0
configure:16191: result: none needed
configure:16206: checking whether make sets $(MAKE)
configure:16228: result: yes
configure:16241: checking for gawk
configure:16268: result: awk
configure:16300: checking for OpenMP
configure:16323: gcc -o conftest -g -O2 -fopenmp   conftest.c  >&5
clang: error: unsupported option '-fopenmp'
clang: error: unsupported option '-fopenmp'
configure:16323: $? = 1
configure: program exited with status 1
configure: failed program was:
| /* confdefs.h */
| #define PACKAGE_NAME "spasm"
| #define PACKAGE_TARNAME "spasm"
| #define PACKAGE_VERSION "1.2"
| #define PACKAGE_STRING "spasm 1.2"
| #define PACKAGE_BUGREPORT "charles.bouillaguet@univ-lille1.fr"
| #define PACKAGE_URL ""
| #define STDC_HEADERS 1
| #define HAVE_SYS_TYPES_H 1
| #define HAVE_SYS_STAT_H 1
| #define HAVE_STDLIB_H 1
| #define HAVE_STRING_H 1
| #define HAVE_MEMORY_H 1
| #define HAVE_STRINGS_H 1
| #define HAVE_INTTYPES_H 1
| #define HAVE_STDINT_H 1
| #define HAVE_UNISTD_H 1
| #define HAVE_DLFCN_H 1
| #define LT_OBJDIR ".libs/"
| #define PACKAGE "spasm"
| #define VERSION "1.2"
| /* end confdefs.h.  */
| 
| #include <omp.h>
| 			int main() {
| 			int p = omp_get_num_threads();
| 			return 0;
| 			}
| 
configure:16346: result: no
configure:16387: checking for METIS
configure:16441: result: no (metis.h not found)
configure:16485: checking for Givaro
configure:16506: result: no
configure:16550: checking for FFLAS-FFPACK
configure:16571: result: no
configure:16615: checking for LINBOX
configure:16636: result: no
configure:16781: checking that generated files are newer than configure
configure:16787: result: done
configure:16826: creating ./config.status

## ---------------------- ##
## Running config.status. ##
## ---------------------- ##

This file was extended by spasm config.status 1.2, which was
generated by GNU Autoconf 2.69.  Invocation command line was

  CONFIG_FILES    = 
  CONFIG_HEADERS  = 
  CONFIG_LINKS    = 
  CONFIG_COMMANDS = 
  $ ./config.status 

on Gaston

config.status:1153: creating Makefile
config.status:1153: creating src/Makefile
config.status:1153: creating test/Makefile
config.status:1153: creating bench/Makefile
config.status:1153: creating src/config.h
config.status:1334: src/config.h is unchanged
config.status:1382: executing libtool commands

## ---------------- ##
## Cache variables. ##
## ---------------- ##

ac_cv_build=x86_64-apple-darwin19.0.0
ac_cv_c_compiler_gnu=yes
ac_cv_cxx_compiler_gnu=yes
ac_cv_env_CCC_set=
ac_cv_env_CCC_value=
ac_cv_env_CC_set=
ac_cv_env_CC_value=
ac_cv_env_CFLAGS_set=
ac_cv_env_CFLAGS_value=
ac_cv_env_CPPFLAGS_set=
ac_cv_env_CPPFLAGS_value=
ac_cv_env_CPP_set=
ac_cv_env_CPP_value=
ac_cv_env_CXXCPP_set=
ac_cv_env_CXXCPP_value=
ac_cv_env_CXXFLAGS_set=
ac_cv_env_CXXFLAGS_value=
ac_cv_env_CXX_set=
ac_cv_env_CXX_value=
ac_cv_env_LDFLAGS_set=
ac_cv_env_LDFLAGS_value=
ac_cv_env_LIBS_set=
ac_cv_env_LIBS_value=
ac_cv_env_LT_SYS_LIBRARY_PATH_set=
ac_cv_env_LT_SYS_LIBRARY_PATH_value=
ac_cv_env_build_alias_set=
ac_cv_env_build_alias_value=
ac_cv_env_host_alias_set=
ac_cv_env_host_alias_value=
ac_cv_env_target_alias_set=
ac_cv_env_target_alias_value=
ac_cv_header_dlfcn_h=yes
ac_cv_header_inttypes_h=yes
ac_cv_header_memory_h=yes
ac_cv_header_stdc=yes
ac_cv_header_stdint_h=yes
ac_cv_header_stdlib_h=yes
ac_cv_header_string_h=yes
ac_cv_header_strings_h=yes
ac_cv_header_sys_stat_h=yes
ac_cv_header_sys_types_h=yes
ac_cv_header_unistd_h=yes
ac_cv_host=x86_64-apple-darwin19.0.0
ac_cv_objext=o
ac_cv_path_EGREP='/usr/bin/grep -E'
ac_cv_path_FGREP='/usr/bin/grep -F'
ac_cv_path_GREP=/usr/bin/grep
ac_cv_path_SED=/usr/bin/sed
ac_cv_path_install='/usr/local/bin/ginstall -c'
ac_cv_path_lt_DD=/bin/dd
ac_cv_path_mkdir=/usr/local/bin/gmkdir
ac_cv_prog_AWK=awk
ac_cv_prog_CPP='gcc -E'
ac_cv_prog_CXXCPP='g++ -E'
ac_cv_prog_ac_ct_AR=ar
ac_cv_prog_ac_ct_CC=gcc
ac_cv_prog_ac_ct_CXX=g++
ac_cv_prog_ac_ct_DSYMUTIL=dsymutil
ac_cv_prog_ac_ct_LIPO=lipo
ac_cv_prog_ac_ct_NMEDIT=nmedit
ac_cv_prog_ac_ct_OBJDUMP=objdump
ac_cv_prog_ac_ct_OTOOL=otool
ac_cv_prog_ac_ct_RANLIB=ranlib
ac_cv_prog_ac_ct_STRIP=strip
ac_cv_prog_cc_c89=
ac_cv_prog_cc_c99=
ac_cv_prog_cc_g=yes
ac_cv_prog_cxx_g=yes
ac_cv_prog_make_make_set=yes
am_cv_make_support_nested_variables=yes
am_cv_prog_cc_c_o=yes
lt_cv_apple_cc_single_mod=yes
lt_cv_ar_at_file=no
lt_cv_deplibs_check_method=pass_all
lt_cv_file_magic_cmd='$MAGIC_CMD'
lt_cv_file_magic_test_file=
lt_cv_ld_exported_symbols_list=yes
lt_cv_ld_force_load=yes
lt_cv_ld_reload_flag=-r
lt_cv_nm_interface='BSD nm'
lt_cv_objdir=.libs
lt_cv_path_LD=/Applications/Xcode.app/Contents/Developer/Toolchains/XcodeDefault.xctoolchain/usr/bin/ld
lt_cv_path_LDCXX=/Applications/Xcode.app/Contents/Developer/Toolchains/XcodeDefault.xctoolchain/usr/bin/ld
lt_cv_path_NM='/usr/bin/nm -B'
lt_cv_path_mainfest_tool=no
lt_cv_prog_compiler_c_o=yes
lt_cv_prog_compiler_c_o_CXX=yes
lt_cv_prog_compiler_pic='-fno-common -DPIC'
lt_cv_prog_compiler_pic_CXX='-fno-common -DPIC'
lt_cv_prog_compiler_pic_works=yes
lt_cv_prog_compiler_pic_works_CXX=yes
lt_cv_prog_compiler_rtti_exceptions=yes
lt_cv_prog_compiler_static_works=no
lt_cv_prog_compiler_static_works_CXX=no
lt_cv_prog_gnu_ld=no
lt_cv_prog_gnu_ldcxx=no
lt_cv_sharedlib_from_linklib_cmd='printf %s\n'
lt_cv_sys_global_symbol_pipe='sed -n -e '\''s/^.*[	 ]\([BCDEGRST][BCDEGRST]*\)[	 ][	 ]*_\([_A-Za-z][_A-Za-z0-9]*\)$/\1 _\2 \2/p'\'' | sed '\''/ __gnu_lto/d'\'''
lt_cv_sys_global_symbol_to_c_name_address='sed -n -e '\''s/^: \(.*\) .*$/  {"\1", (void *) 0},/p'\'' -e '\''s/^[BCDEGRST][BCDEGRST]* .* \(.*\)$/  {"\1", (void *) \&\1},/p'\'''
lt_cv_sys_global_symbol_to_c_name_address_lib_prefix='sed -n -e '\''s/^: \(.*\) .*$/  {"\1", (void *) 0},/p'\'' -e '\''s/^[BCDEGRST][BCDEGRST]* .* \(lib.*\)$/  {"\1", (void *) \&\1},/p'\'' -e '\''s/^[BCDEGRST][BCDEGRST]* .* \(.*\)$/  {"lib\1", (void *) \&\1},/p'\'''
lt_cv_sys_global_symbol_to_cdecl='sed -n -e '\''s/^T .* \(.*\)$/extern int \1();/p'\'' -e '\''s/^[BCDEGRST][BCDEGRST]* .* \(.*\)$/extern char \1;/p'\'''
lt_cv_sys_global_symbol_to_import=
lt_cv_sys_max_cmd_len=196608
lt_cv_to_host_file_cmd=func_convert_file_noop
lt_cv_to_tool_file_cmd=func_convert_file_noop
lt_cv_truncate_bin='/bin/dd bs=4096 count=1'

## ----------------- ##
## Output variables. ##
## ----------------- ##

ACLOCAL='${SHELL} /Users/gastonmartin/Projects/Thesis/spasm/build-aux/missing aclocal-1.16'
AMTAR='$${TAR-tar}'
AM_BACKSLASH='\'
AM_DEFAULT_V='$(AM_DEFAULT_VERBOSITY)'
AM_DEFAULT_VERBOSITY='1'
AM_V='$(V)'
AR='ar'
AUTOCONF='${SHELL} /Users/gastonmartin/Projects/Thesis/spasm/build-aux/missing autoconf'
AUTOHEADER='${SHELL} /Users/gastonmartin/Projects/Thesis/spasm/build-aux/missing autoheader'
AUTOMAKE='${SHELL} /Users/gastonmartin/Projects/Thesis/spasm/build-aux/missing automake-1.16'
AWK='awk'
CC='gcc'
CFLAGS='-g -O2  -Wall -Wextra -fPIC'
CPP='gcc -E'
CPPFLAGS=''
CXX='g++'
CXXCPP='g++ -E'
CXXFLAGS='-g -O2     -Wall -Wextra -fPIC'
CYGPATH_W='echo'
DEFS='-DHAVE_CONFIG_H'
DLLTOOL='false'
DSYMUTIL='dsymutil'
DUMPBIN=''
ECHO_C='\c'
ECHO_N=''
ECHO_T=''
EGREP='/usr/bin/grep -E'
EXEEXT=''
FFLAS_FFPACK_CXXFLAGS=''
FFLAS_FFPACK_LIBS=''
FGREP='/usr/bin/grep -F'
GIVARO_CXXFLAGS=''
GIVARO_LIBS=''
GREP='/usr/bin/grep'
INSTALL_DATA='${INSTALL} -m 644'
INSTALL_PROGRAM='${INSTALL}'
INSTALL_SCRIPT='${INSTALL}'
INSTALL_STRIP_PROGRAM='$(install_sh) -c -s'
LD='/Applications/Xcode.app/Contents/Developer/Toolchains/XcodeDefault.xctoolchain/usr/bin/ld'
LDFLAGS='  '
LIBOBJS=''
LIBS=''
LIBTOOL='$(SHELL) $(top_builddir)/libtool'
LINBOX_CXXFLAGS=''
LINBOX_LIBS=''
LIPO='lipo'
LN_S='ln -s'
LTLIBOBJS=''
LT_SYS_LIBRARY_PATH=''
MAINT='#'
MAINTAINER_MODE_FALSE=''
MAINTAINER_MODE_TRUE='#'
MAKEINFO='${SHELL} /Users/gastonmartin/Projects/Thesis/spasm/build-aux/missing makeinfo'
MANIFEST_TOOL=':'
METIS_CFLAGS=''
METIS_LIBS=''
MKDIR_P='/usr/local/bin/gmkdir -p'
NM='/usr/bin/nm -B'
NMEDIT='nmedit'
OBJDUMP='objdump'
OBJEXT='o'
OMPFLAGS=''
OTOOL64=':'
OTOOL='otool'
PACKAGE='spasm'
PACKAGE_BUGREPORT='charles.bouillaguet@univ-lille1.fr'
PACKAGE_NAME='spasm'
PACKAGE_STRING='spasm 1.2'
PACKAGE_TARNAME='spasm'
PACKAGE_URL=''
PACKAGE_VERSION='1.2'
PATH_SEPARATOR=':'
RANLIB='ranlib'
SED='/usr/bin/sed'
SET_MAKE=''
SHELL='/bin/sh'
SPASM_HAVE_FFLAS_FFPACK_FALSE=''
SPASM_HAVE_FFLAS_FFPACK_TRUE='#'
SPASM_HAVE_GIVARO_FALSE=''
SPASM_HAVE_GIVARO_TRUE='#'
SPASM_HAVE_LINBOX_FALSE=''
SPASM_HAVE_LINBOX_TRUE='#'
SPASM_HAVE_METIS_FALSE=''
SPASM_HAVE_METIS_TRUE='#'
SPASM_HAVE_OMP_FALSE=''
SPASM_HAVE_OMP_TRUE='#'
STRIP='strip'
VERSION='1.2'
ac_ct_AR='ar'
ac_ct_CC='gcc'
ac_ct_CXX='g++'
ac_ct_DUMPBIN=''
am__EXEEXT_FALSE=''
am__EXEEXT_TRUE='#'
am__isrc=''
am__leading_dot='.'
am__tar='$${TAR-tar} chof - "$$tardir"'
am__untar='$${TAR-tar} xf -'
bindir='${exec_prefix}/bin'
build='x86_64-apple-darwin19.0.0'
build_alias=''
build_cpu='x86_64'
build_os='darwin19.0.0'
build_vendor='apple'
datadir='${datarootdir}'
datarootdir='${prefix}/share'
docdir='${datarootdir}/doc/${PACKAGE_TARNAME}'
dvidir='${docdir}'
exec_prefix='${prefix}'
host='x86_64-apple-darwin19.0.0'
host_alias=''
host_cpu='x86_64'
host_os='darwin19.0.0'
host_vendor='apple'
htmldir='${docdir}'
includedir='${prefix}/include'
infodir='${datarootdir}/info'
install_sh='${SHELL} /Users/gastonmartin/Projects/Thesis/spasm/build-aux/install-sh'
libdir='${exec_prefix}/lib'
libexecdir='${exec_prefix}/libexec'
localedir='${datarootdir}/locale'
localstatedir='${prefix}/var'
mandir='${datarootdir}/man'
mkdir_p='$(MKDIR_P)'
oldincludedir='/usr/include'
pdfdir='${docdir}'
prefix='/usr/local'
program_transform_name='s,x,x,'
psdir='${docdir}'
sbindir='${exec_prefix}/sbin'
sharedstatedir='${prefix}/com'
sysconfdir='${prefix}/etc'
target_alias=''

## ----------- ##
## confdefs.h. ##
## ----------- ##

/* confdefs.h */
#define PACKAGE_NAME "spasm"
#define PACKAGE_TARNAME "spasm"
#define PACKAGE_VERSION "1.2"
#define PACKAGE_STRING "spasm 1.2"
#define PACKAGE_BUGREPORT "charles.bouillaguet@univ-lille1.fr"
#define PACKAGE_URL ""
#define STDC_HEADERS 1
#define HAVE_SYS_TYPES_H 1
#define HAVE_SYS_STAT_H 1
#define HAVE_STDLIB_H 1
#define HAVE_STRING_H 1
#define HAVE_MEMORY_H 1
#define HAVE_STRINGS_H 1
#define HAVE_INTTYPES_H 1
#define HAVE_STDINT_H 1
#define HAVE_UNISTD_H 1
#define HAVE_DLFCN_H 1
#define LT_OBJDIR ".libs/"
#define PACKAGE "spasm"
#define VERSION "1.2"

configure: exit 0
